<?xml version="1.0" encoding="UTF-8"?>
<!-- Generated by org.testng.reporters.JUnitReportReporter -->
<testsuite skipped="0" hostname="IN-IT1004.local" name="Runner.TestRunner" tests="1" failures="0" timestamp="2021-06-01T12:10:42 IST" time="6.164" errors="0">
  <testcase name="runScenario" time="6.164" classname="Runner.TestRunner"/>
  <system-out/>
</testsuite> <!-- Runner.TestRunner -->
